<?xml version="1.0" encoding="UTF-8"?>
<!-- Generated by org.testng.reporters.JUnitXMLReporter -->
<testsuite hostname="C3LAP002" ignored="1" name="MyWin_GetAppVersion" tests="1" failures="1" timestamp="13 Aug 2019 07:07:12 GMT" time="111.204" errors="0">
  <testcase name="myWin_Appversion" time="96.015" classname="com.mobileautomation.tests.MyWin_LoginSuite">
    <failure type="java.lang.AssertionError" message="TIMEOUT EXCEPTION element does not exist Sign In Button">
      <![CDATA[java.lang.AssertionError: TIMEOUT EXCEPTION element does not exist Sign In Button
	at commonUtil.MobileDriverUtils.clickMobileElement(MobileDriverUtils.java:189)
	at com.mobile.MyWin.pageobject.MyWinMobile_LoginPage.navigateTo_MywinHome(MyWinMobile_LoginPage.java:303)
	at com.mobileautomation.tests.MyWin_LoginSuite.myWin_Appversion(MyWin_LoginSuite.java:67)
	at java.util.concurrent.FutureTask.run(Unknown Source)
	at java.util.concurrent.ThreadPoolExecutor.runWorker(Unknown Source)
	at java.util.concurrent.ThreadPoolExecutor$Worker.run(Unknown Source)
	at java.lang.Thread.run(Unknown Source)
... Removed 17 stack frames]]>
    </failure>
  </testcase> <!-- myWin_Appversion -->
  <testcase name="myWin_LoginScreenVerifications" time="0.0" classname="com.mobileautomation.tests.MyWin_LoginSuite">
    <ignored/>
  </testcase> <!-- myWin_LoginScreenVerifications -->
</testsuite> <!-- MyWin_GetAppVersion -->
