<?xml version="1.0" encoding="UTF-8"?>
<!-- Generated by org.testng.reporters.JUnitXMLReporter -->
<testsuite hostname="C3LAP002" ignored="7" name="MyWin_SetStartPage" tests="1" failures="1" timestamp="13 Aug 2019 07:25:11 GMT" time="129.16" errors="0">
  <testcase name="myWin_SetStartPage_Billing" time="116.454" classname="com.mobileautomation.tests.MyWin_OnScreenBoardingSuite">
    <failure type="java.lang.RuntimeException" message="Unexpected result for screenshot command: com.google.common.collect.Maps$TransformedEntriesMap instance">
      <![CDATA[java.lang.RuntimeException: Unexpected result for screenshot command: com.google.common.collect.Maps$TransformedEntriesMap instance
	at org.openqa.selenium.remote.RemoteWebDriver.getScreenshotAs(RemoteWebDriver.java:352)
	at commonUtil.WebDriverUtils.takeScreenshot(WebDriverUtils.java:49)
	at com.mobileautomation.tests.MyWin_OnScreenBoardingSuite.myWin_SetStartPage_Billing(MyWin_OnScreenBoardingSuite.java:247)
	at java.util.concurrent.FutureTask.run(Unknown Source)
	at java.util.concurrent.ThreadPoolExecutor.runWorker(Unknown Source)
	at java.util.concurrent.ThreadPoolExecutor$Worker.run(Unknown Source)
	at java.lang.Thread.run(Unknown Source)
... Removed 16 stack frames]]>
    </failure>
  </testcase> <!-- myWin_SetStartPage_Billing -->
  <testcase name="myWin_ViewSupportTickets" time="0.0" classname="com.mobileautomation.tests.MyWin_OnScreenBoardingSuite">
    <ignored/>
  </testcase> <!-- myWin_ViewSupportTickets -->
  <testcase name="myWin_SetStartPage_Email" time="0.0" classname="com.mobileautomation.tests.MyWin_OnScreenBoardingSuite">
    <ignored/>
  </testcase> <!-- myWin_SetStartPage_Email -->
  <testcase name="myWin_CarouselsNavigation" time="0.0" classname="com.mobileautomation.tests.MyWin_OnScreenBoardingSuite">
    <ignored/>
  </testcase> <!-- myWin_CarouselsNavigation -->
  <testcase name="myWin_OnScreenBoarding" time="0.0" classname="com.mobileautomation.tests.MyWin_OnScreenBoardingSuite">
    <ignored/>
  </testcase> <!-- myWin_OnScreenBoarding -->
  <testcase name="myWin_SetStartPage_Support" time="0.0" classname="com.mobileautomation.tests.MyWin_OnScreenBoardingSuite">
    <ignored/>
  </testcase> <!-- myWin_SetStartPage_Support -->
  <testcase name="myWin_SetStartPage_News" time="0.0" classname="com.mobileautomation.tests.MyWin_OnScreenBoardingSuite">
    <ignored/>
  </testcase> <!-- myWin_SetStartPage_News -->
  <testcase name="myWin_PaperlessBilling" time="0.0" classname="com.mobileautomation.tests.MyWin_OnScreenBoardingSuite">
    <ignored/>
  </testcase> <!-- myWin_PaperlessBilling -->
</testsuite> <!-- MyWin_SetStartPage -->
