<?xml version="1.0" encoding="UTF-8"?>
<!-- Generated by org.testng.reporters.JUnitXMLReporter -->
<testsuite hostname="C3LAP002" ignored="0" name="TC_MyWin_Login-TestCases" tests="2" failures="0" timestamp="17 Jun 2019 08:57:42 GMT" time="105.908" errors="0">
  <testcase name="myWin_Appversion" time="4.693" classname="com.mobileautomation.tests.MyWin_LoginSuite"/>
  <testcase name="myWin_LoginScreenVerifications" time="70.36" classname="com.mobileautomation.tests.MyWin_LoginSuite"/>
</testsuite> <!-- TC_MyWin_Login-TestCases -->
