<?xml version="1.0" encoding="UTF-8"?>
<!-- Generated by org.testng.reporters.JUnitXMLReporter -->
<testsuite hostname="C3LAP002" ignored="6" name="WE-Create/Delete Group" tests="1" failures="0" timestamp="06 Aug 2019 08:10:32 GMT" time="160.309" errors="0">
  <testcase name="weConnect_CreateandDeleteGroup" time="146.206" classname="com.mobileautomation.tests.WE_OfficeSuiteUC"/>
  <testcase name="weConnect_TabsFunctionality" time="0.0" classname="com.mobileautomation.tests.WE_OfficeSuiteUC">
    <ignored/>
  </testcase> <!-- weConnect_TabsFunctionality -->
  <testcase name="weConnect_getMenuList" time="0.0" classname="com.mobileautomation.tests.WE_OfficeSuiteUC">
    <ignored/>
  </testcase> <!-- weConnect_getMenuList -->
  <testcase name="weConnect_GroupsAddFavorite" time="0.0" classname="com.mobileautomation.tests.WE_OfficeSuiteUC">
    <ignored/>
  </testcase> <!-- weConnect_GroupsAddFavorite -->
  <testcase name="weConnect_SearchCoworkers" time="0.0" classname="com.mobileautomation.tests.WE_OfficeSuiteUC">
    <ignored/>
  </testcase> <!-- weConnect_SearchCoworkers -->
  <testcase name="weConnect_ContactAddFavorite" time="0.0" classname="com.mobileautomation.tests.WE_OfficeSuiteUC">
    <ignored/>
  </testcase> <!-- weConnect_ContactAddFavorite -->
  <testcase name="weConnect_Orders" time="0.0" classname="com.mobileautomation.tests.WE_OfficeSuiteUC">
    <ignored/>
  </testcase> <!-- weConnect_Orders -->
</testsuite> <!-- WE-Create/Delete Group -->
