<?xml version="1.0" encoding="UTF-8"?>
<!-- Generated by org.testng.reporters.JUnitXMLReporter -->
<testsuite hostname="C3LAP002" ignored="6" name="WE-FavoriteGroup" tests="1" failures="1" timestamp="06 Aug 2019 08:07:51 GMT" time="38.014" errors="0">
  <testcase name="weConnect_GroupsAddFavorite" time="23.954" classname="com.mobileautomation.tests.WE_OfficeSuiteUC">
    <failure type="java.lang.AssertionError" message="this will make the test method fail expected [true] but found [false]">
      <![CDATA[java.lang.AssertionError: this will make the test method fail expected [true] but found [false]
	at commonUtil.WebDriverUtils.takeScreenshot(WebDriverUtils.java:60)
	at com.mobileautomation.tests.WE_OfficeSuiteUC.weConnect_GroupsAddFavorite(WE_OfficeSuiteUC.java:73)
	at java.util.concurrent.FutureTask.run(Unknown Source)
	at java.util.concurrent.ThreadPoolExecutor.runWorker(Unknown Source)
	at java.util.concurrent.ThreadPoolExecutor$Worker.run(Unknown Source)
	at java.lang.Thread.run(Unknown Source)
... Removed 19 stack frames]]>
    </failure>
  </testcase> <!-- weConnect_GroupsAddFavorite -->
  <testcase name="weConnect_TabsFunctionality" time="0.0" classname="com.mobileautomation.tests.WE_OfficeSuiteUC">
    <ignored/>
  </testcase> <!-- weConnect_TabsFunctionality -->
  <testcase name="weConnect_getMenuList" time="0.0" classname="com.mobileautomation.tests.WE_OfficeSuiteUC">
    <ignored/>
  </testcase> <!-- weConnect_getMenuList -->
  <testcase name="weConnect_SearchCoworkers" time="0.0" classname="com.mobileautomation.tests.WE_OfficeSuiteUC">
    <ignored/>
  </testcase> <!-- weConnect_SearchCoworkers -->
  <testcase name="weConnect_ContactAddFavorite" time="0.0" classname="com.mobileautomation.tests.WE_OfficeSuiteUC">
    <ignored/>
  </testcase> <!-- weConnect_ContactAddFavorite -->
  <testcase name="weConnect_Orders" time="0.0" classname="com.mobileautomation.tests.WE_OfficeSuiteUC">
    <ignored/>
  </testcase> <!-- weConnect_Orders -->
  <testcase name="weConnect_CreateandDeleteGroup" time="0.0" classname="com.mobileautomation.tests.WE_OfficeSuiteUC">
    <ignored/>
  </testcase> <!-- weConnect_CreateandDeleteGroup -->
</testsuite> <!-- WE-FavoriteGroup -->
