<?xml version="1.0" encoding="UTF-8"?>
<!-- Generated by org.testng.reporters.JUnitXMLReporter -->
<testsuite hostname="C3LAP002" ignored="6" name="WE-VerifyDueAmount" tests="1" failures="0" timestamp="23 Aug 2019 07:10:55 GMT" time="53.339" errors="0">
  <testcase name="we_VerifyDueAmount" time="36.457" classname="com.mobileautomation.tests.WE_BillingSuite"/>
  <testcase name="we_MakePayment" time="0.0" classname="com.mobileautomation.tests.WE_BillingSuite">
    <ignored/>
  </testcase> <!-- we_MakePayment -->
  <testcase name="we_AddCredit_DebitCard" time="0.0" classname="com.mobileautomation.tests.WE_BillingSuite">
    <ignored/>
  </testcase> <!-- we_AddCredit_DebitCard -->
  <testcase name="we_EnrollAutoPay" time="0.0" classname="com.mobileautomation.tests.WE_BillingSuite">
    <ignored/>
  </testcase> <!-- we_EnrollAutoPay -->
  <testcase name="we_AddElectronicCheck" time="0.0" classname="com.mobileautomation.tests.WE_BillingSuite">
    <ignored/>
  </testcase> <!-- we_AddElectronicCheck -->
  <testcase name="we_DeenrollAutoPay" time="0.0" classname="com.mobileautomation.tests.WE_BillingSuite">
    <ignored/>
  </testcase> <!-- we_DeenrollAutoPay -->
  <testcase name="we_SchedulePayment" time="0.0" classname="com.mobileautomation.tests.WE_BillingSuite">
    <ignored/>
  </testcase> <!-- we_SchedulePayment -->
</testsuite> <!-- WE-VerifyDueAmount -->
