<?xml version="1.0" encoding="UTF-8"?>
<!-- Generated by org.testng.reporters.JUnitXMLReporter -->
<testsuite hostname="C3LAP002" ignored="6" name="WE_MakePayment" tests="1" failures="1" timestamp="23 Aug 2019 07:14:32 GMT" time="135.381" errors="0">
  <testcase name="we_MakePayment" time="119.658" classname="com.mobileautomation.tests.WE_BillingSuite">
    <failure type="java.lang.AssertionError" message="this will make the test method fail expected [true] but found [false]">
      <![CDATA[java.lang.AssertionError: this will make the test method fail expected [true] but found [false]
	at commonUtil.WebDriverUtils.takeScreenshot(WebDriverUtils.java:60)
	at com.mobileautomation.tests.WE_BillingSuite.we_MakePayment(WE_BillingSuite.java:97)
	at java.util.concurrent.FutureTask.run(Unknown Source)
	at java.util.concurrent.ThreadPoolExecutor.runWorker(Unknown Source)
	at java.util.concurrent.ThreadPoolExecutor$Worker.run(Unknown Source)
	at java.lang.Thread.run(Unknown Source)
... Removed 19 stack frames]]>
    </failure>
  </testcase> <!-- we_MakePayment -->
  <testcase name="we_AddCredit_DebitCard" time="0.0" classname="com.mobileautomation.tests.WE_BillingSuite">
    <ignored/>
  </testcase> <!-- we_AddCredit_DebitCard -->
  <testcase name="we_EnrollAutoPay" time="0.0" classname="com.mobileautomation.tests.WE_BillingSuite">
    <ignored/>
  </testcase> <!-- we_EnrollAutoPay -->
  <testcase name="we_AddElectronicCheck" time="0.0" classname="com.mobileautomation.tests.WE_BillingSuite">
    <ignored/>
  </testcase> <!-- we_AddElectronicCheck -->
  <testcase name="we_VerifyDueAmount" time="0.0" classname="com.mobileautomation.tests.WE_BillingSuite">
    <ignored/>
  </testcase> <!-- we_VerifyDueAmount -->
  <testcase name="we_DeenrollAutoPay" time="0.0" classname="com.mobileautomation.tests.WE_BillingSuite">
    <ignored/>
  </testcase> <!-- we_DeenrollAutoPay -->
  <testcase name="we_SchedulePayment" time="0.0" classname="com.mobileautomation.tests.WE_BillingSuite">
    <ignored/>
  </testcase> <!-- we_SchedulePayment -->
</testsuite> <!-- WE_MakePayment -->
