<?xml version="1.0" encoding="UTF-8"?>
<testng-results skipped="0" failed="1" ignored="0" total="1" passed="0">
  <reporter-output>
    <line>
      <![CDATA[***************  Properties ***************]]>
    </line>
    <line>
      <![CDATA[URL :=weconnect_mobile]]>
    </line>
    <line>
      <![CDATA[                                                   ]]>
    </line>
    <line>
      <![CDATA[*************** Data  ***************]]>
    </line>
    <line>
      <![CDATA[col A - Menu : BVN_User2]]>
    </line>
    <line>
      <![CDATA[col B - Username : weonlinetest6]]>
    </line>
    <line>
      <![CDATA[col C - Pwd : P03DevTestPass6666]]>
    </line>
    <line>
      <![CDATA[col D - additional customer parameters: Null]]>
    </line>
    <line>
      <![CDATA[col E - additional usernames: Null]]>
    </line>
    <line>
      <![CDATA[col F - external user name: Null]]>
    </line>
    <line>
      <![CDATA[col G - external user password: Null]]>
    </line>
    <line>
      <![CDATA[                                                   ]]>
    </line>
    <line>
      <![CDATA[*************** Test Execution log  ***************]]>
    </line>
    <line>
      <![CDATA[WeConnect App is launched]]>
    </line>
    <line>
      <![CDATA[Searching for element :=LandingScreen]]>
    </line>
    <line>
      <![CDATA[Timed out waiting for element := LandingScreen]]>
    </line>
    <line>
      <![CDATA[Web element = 'LandingScreen' is not identified]]>
    </line>
    <line>
      <![CDATA[Searching for element :=userName]]>
    </line>
    <line>
      <![CDATA[Timed out waiting for element := userName]]>
    </line>
    <line>
      <![CDATA[Web element = 'userName' is not identified]]>
    </line>
  </reporter-output>
  <suite name="Default suite" duration-ms="47835" started-at="2019-09-10T08:00:54Z" finished-at="2019-09-10T08:01:42Z">
    <groups>
    </groups>
    <test name="Default test" duration-ms="47835" started-at="2019-09-10T08:00:54Z" finished-at="2019-09-10T08:01:42Z">
      <class name="com.mobileautomation.tests.WE_SupportRequestSuite">
        <test-method status="PASS" signature="beforeMethod(java.lang.reflect.Method)[pri:0, instance:com.mobileautomation.tests.WE_SupportRequestSuite@604ed9f0]" name="beforeMethod" is-config="true" duration-ms="13912" started-at="2019-09-10T13:30:54Z" finished-at="2019-09-10T13:31:08Z">
          <params>
            <param index="0">
              <value>
                <![CDATA[public void com.mobileautomation.tests.WE_SupportRequestSuite.weConnect_CreateSupportRequest() throws java.lang.Throwable]]>
              </value>
            </param>
          </params>
          <reporter-output>
          </reporter-output>
        </test-method> <!-- beforeMethod -->
        <test-method status="FAIL" signature="weConnect_CreateSupportRequest()[pri:0, instance:com.mobileautomation.tests.WE_SupportRequestSuite@604ed9f0]" name="weConnect_CreateSupportRequest" duration-ms="32538" started-at="2019-09-10T13:31:08Z" finished-at="2019-09-10T13:31:40Z">
          <exception class="java.lang.NullPointerException">
            <full-stacktrace>
              <![CDATA[java.lang.NullPointerException
	at org.openqa.selenium.remote.RemoteWebElement.execute(RemoteWebElement.java:279)
	at org.openqa.selenium.remote.RemoteWebElement.clear(RemoteWebElement.java:118)
	at sun.reflect.NativeMethodAccessorImpl.invoke0(Native Method)
	at sun.reflect.NativeMethodAccessorImpl.invoke(Unknown Source)
	at sun.reflect.DelegatingMethodAccessorImpl.invoke(Unknown Source)
	at java.lang.reflect.Method.invoke(Unknown Source)
	at org.openqa.selenium.support.pagefactory.internal.LocatingElementHandler.invoke(LocatingElementHandler.java:51)
	at com.sun.proxy.$Proxy9.clear(Unknown Source)
	at commonUtil.MobileDriverUtils.mobile_EnterText(MobileDriverUtils.java:54)
	at com.mobile.MyWin.pageobject.MyWinMobile_LoginPage.navigateTo_MywinHome(MyWinMobile_LoginPage.java:300)
	at com.mobileautomation.tests.WE_SupportRequestSuite.weConnect_CreateSupportRequest(WE_SupportRequestSuite.java:30)
	at sun.reflect.NativeMethodAccessorImpl.invoke0(Native Method)
	at sun.reflect.NativeMethodAccessorImpl.invoke(Unknown Source)
	at sun.reflect.DelegatingMethodAccessorImpl.invoke(Unknown Source)
	at java.lang.reflect.Method.invoke(Unknown Source)
	at org.testng.internal.MethodInvocationHelper.invokeMethod(MethodInvocationHelper.java:104)
	at org.testng.internal.Invoker.invokeMethod(Invoker.java:645)
	at org.testng.internal.Invoker.invokeTestMethod(Invoker.java:851)
	at org.testng.internal.Invoker.invokeTestMethods(Invoker.java:1177)
	at org.testng.internal.TestMethodWorker.invokeTestMethods(TestMethodWorker.java:129)
	at org.testng.internal.TestMethodWorker.run(TestMethodWorker.java:112)
	at org.testng.TestRunner.privateRun(TestRunner.java:756)
	at org.testng.TestRunner.run(TestRunner.java:610)
	at org.testng.SuiteRunner.runTest(SuiteRunner.java:387)
	at org.testng.SuiteRunner.runSequentially(SuiteRunner.java:382)
	at org.testng.SuiteRunner.privateRun(SuiteRunner.java:340)
	at org.testng.SuiteRunner.run(SuiteRunner.java:289)
	at org.testng.SuiteRunnerWorker.runSuite(SuiteRunnerWorker.java:52)
	at org.testng.SuiteRunnerWorker.run(SuiteRunnerWorker.java:86)
	at org.testng.TestNG.runSuitesSequentially(TestNG.java:1293)
	at org.testng.TestNG.runSuitesLocally(TestNG.java:1218)
	at org.testng.TestNG.runSuites(TestNG.java:1133)
	at org.testng.TestNG.run(TestNG.java:1104)
	at org.testng.remote.AbstractRemoteTestNG.run(AbstractRemoteTestNG.java:114)
	at org.testng.remote.RemoteTestNG.initAndRun(RemoteTestNG.java:251)
	at org.testng.remote.RemoteTestNG.main(RemoteTestNG.java:77)
]]>
            </full-stacktrace>
          </exception> <!-- java.lang.NullPointerException -->
          <reporter-output>
            <line>
              <![CDATA[***************  Properties ***************]]>
            </line>
            <line>
              <![CDATA[URL :=weconnect_mobile]]>
            </line>
            <line>
              <![CDATA[                                                   ]]>
            </line>
            <line>
              <![CDATA[*************** Data  ***************]]>
            </line>
            <line>
              <![CDATA[col A - Menu : BVN_User2]]>
            </line>
            <line>
              <![CDATA[col B - Username : weonlinetest6]]>
            </line>
            <line>
              <![CDATA[col C - Pwd : P03DevTestPass6666]]>
            </line>
            <line>
              <![CDATA[col D - additional customer parameters: Null]]>
            </line>
            <line>
              <![CDATA[col E - additional usernames: Null]]>
            </line>
            <line>
              <![CDATA[col F - external user name: Null]]>
            </line>
            <line>
              <![CDATA[col G - external user password: Null]]>
            </line>
            <line>
              <![CDATA[                                                   ]]>
            </line>
            <line>
              <![CDATA[*************** Test Execution log  ***************]]>
            </line>
            <line>
              <![CDATA[WeConnect App is launched]]>
            </line>
            <line>
              <![CDATA[Searching for element :=LandingScreen]]>
            </line>
            <line>
              <![CDATA[Timed out waiting for element := LandingScreen]]>
            </line>
            <line>
              <![CDATA[Web element = 'LandingScreen' is not identified]]>
            </line>
            <line>
              <![CDATA[Searching for element :=userName]]>
            </line>
            <line>
              <![CDATA[Timed out waiting for element := userName]]>
            </line>
            <line>
              <![CDATA[Web element = 'userName' is not identified]]>
            </line>
          </reporter-output>
        </test-method> <!-- weConnect_CreateSupportRequest -->
        <test-method status="PASS" signature="afterMethod()[pri:0, instance:com.mobileautomation.tests.WE_SupportRequestSuite@604ed9f0]" name="afterMethod" is-config="true" duration-ms="1367" started-at="2019-09-10T13:31:40Z" finished-at="2019-09-10T13:31:42Z">
          <reporter-output>
          </reporter-output>
        </test-method> <!-- afterMethod -->
      </class> <!-- com.mobileautomation.tests.WE_SupportRequestSuite -->
    </test> <!-- Default test -->
  </suite> <!-- Default suite -->
</testng-results>
